yarn run v1.22.22
$ storybook build --output-dir C:\Users\User\AppData\Local\Temp\chromatic--27876-FCIABRqWsgdd
@storybook/cli v8.0.9

info => Cleaning outputDir: ..\..\AppData\Local\Temp\chromatic--27876-FCIABRqWsgdd
info => Loading presets
info => Building manager..
info => Manager built (154 ms)
info => Building preview..
WARN No story files found for the specified pattern: stories\**\*.mdx
info Addon-docs: using MDX3
info => Using implicit CSS loaders
info => Using default Webpack5 setup
WARN asset size limit: The following asset(s) exceed the recommended size limit (244 KiB).
WARN This can impact web performance.
WARN Assets: 
WARN   716.45be1cf4.iframe.bundle.js (1.09 MiB)
WARN   544.76769521.iframe.bundle.js (764 KiB)
WARN entrypoint size limit: The following entrypoint(s) combined asset size exceeds the recommended limit (244 KiB). This can impact web performance.
WARN Entrypoints:
WARN   main (1.1 MiB)
WARN       runtime~main.69c239e6.iframe.bundle.js
WARN       716.45be1cf4.iframe.bundle.js
WARN       main.3ca845ca.iframe.bundle.js
WARN 
info => Preview built (7.31 s)
info => Output directory: C:\Users\User\AppData\Local\Temp\chromatic--27876-FCIABRqWsgdd
Done in 11.18s.
